 BELLHOP/BELLHOP3D

 BELLHOP3D- True 3D profile                                                      
 frequency =   1000.     Hz

 Dummy parameter NMedia =            1

     Hexahedral approximation to SSP
     Attenuation units: dB/wavelength
 AttenW 
     VACUUM

 Depth =      80.00 m

 Sound speed profile:
      z         alphaR      betaR     rho        alphaI     betaI
     (m)         (m/s)      (m/s)   (g/cm^3)      (m/s)     (m/s)

      0.00      1500.00      0.00     1.00       0.0000    0.0000
     10.00      1500.00      0.00     1.00       0.0000    0.0000
     20.00      1500.00      0.00     1.00       0.0000    0.0000
     30.00      1500.00      0.00     1.00       0.0000    0.0000
     40.00      1500.00      0.00     1.00       0.0000    0.0000
     80.00      1500.00      0.00     1.00       0.0000    0.0000

 Reading sound speed profile from file
 Number of points in x =           21
 Number of points in y =           21
 Number of points in z =           11


                                 ( RMS roughness =   0.00     )
     Bathymetry file selected
     ACOUSTO-ELASTIC half-space
     80.00      1610.75      0.50     1.68       0.0000    0.0000

 __________________________________________________________________________

    Number of Source   x-coordinates, Sx =            1
    Source   x-coordinates, Sx (km)
                 0.00000    


 __________________________________________________________________________

    Number of Source   y-coordinates, Sy =            1
    Source   y-coordinates, Sy (km)
                 0.00000    


 __________________________________________________________________________

    Number of Source   z-coordinates, Sz =            1
    Source   z-coordinates, Sz (m)
                 10.0000    


 __________________________________________________________________________

    Number of Receiver z-coordinates, Rz =          200
    Receiver z-coordinates, Rz (m)
                 0.00000      0.402010      0.804020       1.20603    
   1.60804       2.01005       2.41206       2.81407       3.21608    
   3.61809    
          ... 
   80.0000    


 __________________________________________________________________________

    Number of Receiver r-coordinates, Rr =         1000
    Receiver r-coordinates, Rr (km)
                 0.00000      0.150150E-02  0.300300E-02  0.450450E-02
  0.600601E-02  0.750751E-02  0.900901E-02  0.105105E-01  0.120120E-01
  0.135135E-01
          ... 
   1.50000    


 __________________________________________________________________________

    Number of Receiver bearings, theta =          361
    Receiver bearings, theta (degrees)
                 0.00000       1.00000       2.00000       3.00000    
   4.00000       5.00000       6.00000       7.00000       8.00000    
   9.00000    
          ... 
   360.000    


 Coherent TL calculation
 Geometric hat beams in Cartesian coordinates
 Point source (cylindrical coordinates)
 Rectilinear receiver grid: Receivers at Rr( : ) x Rz( : )
 N x 2D calculation (neglects horizontal refraction)
 __________________________________________________________________________

    Number of beams in elevation   =         1001
    Beam take-off angles (degrees)
  -89.0000      -88.8220      -88.6440      -88.4660      -88.2880    
  -88.1100      -87.9320      -87.7540      -87.5760      -87.3980    
          ... 
   89.0000    

 Replacing beam take-off angles, beta, with receiver bearing lines, theta

    Number of beams in bearing   =          360
    Beam take-off angles (degrees)
   0.00000       1.00000       2.00000       3.00000       4.00000    
   5.00000       6.00000       7.00000       8.00000       9.00000    
          ... 
   359.000    

 __________________________________________________________________________


 Step length,        deltas =   8.000     m

 Maximum ray x-range, Box%x =   1550.     m
 Maximum ray y-range, Box%y =   1550.     m
 Maximum ray z-range, Box%z =   80.50     m
 No beam shift in effect

 __________________________________________________________________________

 Using bottom-bathymetry file
 Regular grid for a 3D run

 Long format (bathymetry and geoacoustics)

 Number of bathymetry points in x          21
  -2.00000      -1.80000      -1.60000      -1.40000      -1.20000    
  -1.00000     -0.800000     -0.600000     -0.400000     -0.200000    
   0.00000      0.200000      0.400000      0.600000      0.800000    
   1.00000       1.20000       1.40000       1.60000       1.80000    
   2.00000    

 Number of bathymetry points in y          21
  -2.00000      -1.80000      -1.60000      -1.40000      -1.20000    
  -1.00000     -0.800000     -0.600000     -0.400000     -0.200000    
   0.00000      0.200000      0.400000      0.600000      0.800000    
   1.00000       1.20000       1.40000       1.60000       1.80000    
   2.00000    

 Province type
   1   1   1   1   1   1   1   1   1   1   1   1   1   1   1   1   1   1
   1   1   1
   1   1   1   1   1   1   1   1   1   1   1   1   1   1   1   1   1   1
   1   1   1
   1   1   1   1   1   1   1   1   1   1   1   1   1   1   1   1   1   1
   1   1   1
   1   1   1   1   1   1   1   1   1   1   1   1   1   1   1   1   1   1
   1   1   1
   1   1   1   1   1   1   1   1   1   1   1   1   1   1   1   1   1   1
   1   1   1
   1   1   1   1   1   1   1   1   1   1   1   1   1   1   1   1   1   1
   1   1   1
   1   1   1   1   1   1   1   1   1   1   1   1   1   1   1   1   1   1
   1   1   1
   1   1   1   1   1   1   1   1   1   1   1   1   1   1   1   1   1   1
   1   1   1
   1   1   1   1   1   1   1   1   1   1   1   1   1   1   1   1   1   1
   1   1   1
   1   1   1   1   1   1   1   1   1   1   1   1   1   1   1   1   1   1
   1   1   1
   1   1   1   1   1   1   1   1   1   1   1   1   1   1   1   1   1   1
   1   1   1
   1   1   1   1   1   1   1   1   1   1   1   1   1   1   1   1   1   1
   1   1   1
   1   1   1   1   1   1   1   1   1   1   1   1   1   1   1   1   1   1
   1   1   1
   1   1   1   1   1   1   1   1   1   1   1   1   1   1   1   1   1   1
   1   1   1
   1   1   1   1   1   1   1   1   1   1   1   1   1   1   1   1   1   1
   1   1   1
   1   1   1   1   1   1   1   1   1   1   1   1   1   1   1   1   1   1
   1   1   1
   1   1   1   1   1   1   1   1   1   1   1   1   1   1   1   1   1   1
   1   1   1
   1   1   1   1   1   1   1   1   1   1   1   1   1   1   1   1   1   1
   1   1   1
   1   1   1   1   1   1   1   1   1   1   1   1   1   1   1   1   1   1
   1   1   1
   1   1   1   1   1   1   1   1   1   1   1   1   1   1   1   1   1   1
   1   1   1
   1   1   1   1   1   1   1   1   1   1   1   1   1   1   1   1   1   1
   1   1   1

 Province geoacoustic properties
 Number of bottom provinces =            1

Province  alphaR      betaR     rho        alphaI     betaI
           (m/s)      (m/s)   (g/cm^3)      (m/s)     (m/s)

    1     1610.75      0.50     1.68       0.0000    0.0000

 Source coordinate
 xs =    0.00         0.00         10.0    

 Geometric beam, hat-shaped, Cart. coord.                                        
 HalfWidth1  =    0.0000000000000000     
 HalfWidth2  =    0.0000000000000000     
 epsilonOPT1 =                (0.0000000000000000,0.0000000000000000)
 epsilonOPT2 =                (0.0000000000000000,0.0000000000000000)
 EpsMult     =    1.0000000000000000     

Tracing azimuthal beam    1      0.00
Tracing azimuthal beam    2      1.00
Tracing azimuthal beam    3      2.00
Tracing azimuthal beam    4      3.00
Tracing azimuthal beam    5      4.00
Tracing azimuthal beam    6      5.00
Tracing azimuthal beam    7      6.00
Tracing azimuthal beam    8      7.00
Tracing azimuthal beam    9      8.00
Tracing azimuthal beam   10      9.00
Tracing azimuthal beam   11     10.00
Tracing azimuthal beam   12     11.00
Tracing azimuthal beam   13     12.00
Tracing azimuthal beam   14     13.00
Tracing azimuthal beam   15     14.00
Tracing azimuthal beam   16     15.00
Tracing azimuthal beam   17     16.00
Tracing azimuthal beam   18     17.00
Tracing azimuthal beam   19     18.00
Tracing azimuthal beam   20     19.00
Tracing azimuthal beam   21     20.00
Tracing azimuthal beam   22     21.00
Tracing azimuthal beam   23     22.00
Tracing azimuthal beam   24     23.00
Tracing azimuthal beam   25     24.00
Tracing azimuthal beam   26     25.00
Tracing azimuthal beam   27     26.00
Tracing azimuthal beam   28     27.00
Tracing azimuthal beam   29     28.00
Tracing azimuthal beam   30     29.00
Tracing azimuthal beam   31     30.00
Tracing azimuthal beam   32     31.00
Tracing azimuthal beam   33     32.00
Tracing azimuthal beam   34     33.00
Tracing azimuthal beam   35     34.00
Tracing azimuthal beam   36     35.00
Tracing azimuthal beam   37     36.00
Tracing azimuthal beam   38     37.00
Tracing azimuthal beam   39     38.00
Tracing azimuthal beam   40     39.00
Tracing azimuthal beam   41     40.00
Tracing azimuthal beam   42     41.00
Tracing azimuthal beam   43     42.00
Tracing azimuthal beam   44     43.00
Tracing azimuthal beam   45     44.00
Tracing azimuthal beam   46     45.00
Tracing azimuthal beam   47     46.00
Tracing azimuthal beam   48     47.00
Tracing azimuthal beam   49     48.00
Tracing azimuthal beam   50     49.00
Tracing azimuthal beam   51     50.00
Tracing azimuthal beam   52     51.00
Tracing azimuthal beam   53     52.00
Tracing azimuthal beam   54     53.00
Tracing azimuthal beam   55     54.00
Tracing azimuthal beam   56     55.00
Tracing azimuthal beam   57     56.00
Tracing azimuthal beam   58     57.00
Tracing azimuthal beam   59     58.00
Tracing azimuthal beam   60     59.00
Tracing azimuthal beam   61     60.00
Tracing azimuthal beam   62     61.00
Tracing azimuthal beam   63     62.00
Tracing azimuthal beam   64     63.00
Tracing azimuthal beam   65     64.00
Tracing azimuthal beam   66     65.00
Tracing azimuthal beam   67     66.00
Tracing azimuthal beam   68     67.00
Tracing azimuthal beam   69     68.00
Tracing azimuthal beam   70     69.00
Tracing azimuthal beam   71     70.00
Tracing azimuthal beam   72     71.00
Tracing azimuthal beam   73     72.00
Tracing azimuthal beam   74     73.00
Tracing azimuthal beam   75     74.00
Tracing azimuthal beam   76     75.00
Tracing azimuthal beam   77     76.00
Tracing azimuthal beam   78     77.00
Tracing azimuthal beam   79     78.00
Tracing azimuthal beam   80     79.00
Tracing azimuthal beam   81     80.00
Tracing azimuthal beam   82     81.00
Tracing azimuthal beam   83     82.00
Tracing azimuthal beam   84     83.00
Tracing azimuthal beam   85     84.00
Tracing azimuthal beam   86     85.00
Tracing azimuthal beam   87     86.00
Tracing azimuthal beam   88     87.00
Tracing azimuthal beam   89     88.00
Tracing azimuthal beam   90     89.00
Tracing azimuthal beam   91     90.00
Tracing azimuthal beam   92     91.00
Tracing azimuthal beam   93     92.00
Tracing azimuthal beam   94     93.00
Tracing azimuthal beam   95     94.00
Tracing azimuthal beam   96     95.00
Tracing azimuthal beam   97     96.00
Tracing azimuthal beam   98     97.00
Tracing azimuthal beam   99     98.00
Tracing azimuthal beam  100     99.00
Tracing azimuthal beam  101    100.00
Tracing azimuthal beam  102    101.00
Tracing azimuthal beam  103    102.00
Tracing azimuthal beam  104    103.00
Tracing azimuthal beam  105    104.00
Tracing azimuthal beam  106    105.00
Tracing azimuthal beam  107    106.00
Tracing azimuthal beam  108    107.00
Tracing azimuthal beam  109    108.00
Tracing azimuthal beam  110    109.00
Tracing azimuthal beam  111    110.00
Tracing azimuthal beam  112    111.00
Tracing azimuthal beam  113    112.00
Tracing azimuthal beam  114    113.00
Tracing azimuthal beam  115    114.00
Tracing azimuthal beam  116    115.00
Tracing azimuthal beam  117    116.00
Tracing azimuthal beam  118    117.00
Tracing azimuthal beam  119    118.00
Tracing azimuthal beam  120    119.00
Tracing azimuthal beam  121    120.00
Tracing azimuthal beam  122    121.00
Tracing azimuthal beam  123    122.00
Tracing azimuthal beam  124    123.00
Tracing azimuthal beam  125    124.00
Tracing azimuthal beam  126    125.00
Tracing azimuthal beam  127    126.00
Tracing azimuthal beam  128    127.00
Tracing azimuthal beam  129    128.00
Tracing azimuthal beam  130    129.00
Tracing azimuthal beam  131    130.00
Tracing azimuthal beam  132    131.00
Tracing azimuthal beam  133    132.00
Tracing azimuthal beam  134    133.00
Tracing azimuthal beam  135    134.00
Tracing azimuthal beam  136    135.00
Tracing azimuthal beam  137    136.00
Tracing azimuthal beam  138    137.00
Tracing azimuthal beam  139    138.00
Tracing azimuthal beam  140    139.00
Tracing azimuthal beam  141    140.00
Tracing azimuthal beam  142    141.00
Tracing azimuthal beam  143    142.00
Tracing azimuthal beam  144    143.00
Tracing azimuthal beam  145    144.00
Tracing azimuthal beam  146    145.00
Tracing azimuthal beam  147    146.00
Tracing azimuthal beam  148    147.00
Tracing azimuthal beam  149    148.00
Tracing azimuthal beam  150    149.00
Tracing azimuthal beam  151    150.00
Tracing azimuthal beam  152    151.00
Tracing azimuthal beam  153    152.00
Tracing azimuthal beam  154    153.00
Tracing azimuthal beam  155    154.00
Tracing azimuthal beam  156    155.00
Tracing azimuthal beam  157    156.00
Tracing azimuthal beam  158    157.00
Tracing azimuthal beam  159    158.00
Tracing azimuthal beam  160    159.00
Tracing azimuthal beam  161    160.00
Tracing azimuthal beam  162    161.00
Tracing azimuthal beam  163    162.00
Tracing azimuthal beam  164    163.00
Tracing azimuthal beam  165    164.00
Tracing azimuthal beam  166    165.00
Tracing azimuthal beam  167    166.00
Tracing azimuthal beam  168    167.00
Tracing azimuthal beam  169    168.00
Tracing azimuthal beam  170    169.00
Tracing azimuthal beam  171    170.00
Tracing azimuthal beam  172    171.00
Tracing azimuthal beam  173    172.00
Tracing azimuthal beam  174    173.00
Tracing azimuthal beam  175    174.00
Tracing azimuthal beam  176    175.00
Tracing azimuthal beam  177    176.00
Tracing azimuthal beam  178    177.00
Tracing azimuthal beam  179    178.00
Tracing azimuthal beam  180    179.00
Tracing azimuthal beam  181    180.00
Tracing azimuthal beam  182    181.00
Tracing azimuthal beam  183    182.00
Tracing azimuthal beam  184    183.00
Tracing azimuthal beam  185    184.00
Tracing azimuthal beam  186    185.00
Tracing azimuthal beam  187    186.00
Tracing azimuthal beam  188    187.00
Tracing azimuthal beam  189    188.00
Tracing azimuthal beam  190    189.00
Tracing azimuthal beam  191    190.00
Tracing azimuthal beam  192    191.00
Tracing azimuthal beam  193    192.00
Tracing azimuthal beam  194    193.00
Tracing azimuthal beam  195    194.00
Tracing azimuthal beam  196    195.00
Tracing azimuthal beam  197    196.00
Tracing azimuthal beam  198    197.00
Tracing azimuthal beam  199    198.00
Tracing azimuthal beam  200    199.00
Tracing azimuthal beam  201    200.00
Tracing azimuthal beam  202    201.00
Tracing azimuthal beam  203    202.00
Tracing azimuthal beam  204    203.00
Tracing azimuthal beam  205    204.00
Tracing azimuthal beam  206    205.00
Tracing azimuthal beam  207    206.00
Tracing azimuthal beam  208    207.00
Tracing azimuthal beam  209    208.00
Tracing azimuthal beam  210    209.00
Tracing azimuthal beam  211    210.00
Tracing azimuthal beam  212    211.00
Tracing azimuthal beam  213    212.00
Tracing azimuthal beam  214    213.00
Tracing azimuthal beam  215    214.00
Tracing azimuthal beam  216    215.00
Tracing azimuthal beam  217    216.00
Tracing azimuthal beam  218    217.00
Tracing azimuthal beam  219    218.00
Tracing azimuthal beam  220    219.00
Tracing azimuthal beam  221    220.00
Tracing azimuthal beam  222    221.00
Tracing azimuthal beam  223    222.00
Tracing azimuthal beam  224    223.00
Tracing azimuthal beam  225    224.00
Tracing azimuthal beam  226    225.00
Tracing azimuthal beam  227    226.00
Tracing azimuthal beam  228    227.00
Tracing azimuthal beam  229    228.00
Tracing azimuthal beam  230    229.00
Tracing azimuthal beam  231    230.00
Tracing azimuthal beam  232    231.00
Tracing azimuthal beam  233    232.00
Tracing azimuthal beam  234    233.00
Tracing azimuthal beam  235    234.00
Tracing azimuthal beam  236    235.00
Tracing azimuthal beam  237    236.00
Tracing azimuthal beam  238    237.00
Tracing azimuthal beam  239    238.00
Tracing azimuthal beam  240    239.00
Tracing azimuthal beam  241    240.00
Tracing azimuthal beam  242    241.00
Tracing azimuthal beam  243    242.00
Tracing azimuthal beam  244    243.00
Tracing azimuthal beam  245    244.00
Tracing azimuthal beam  246    245.00
Tracing azimuthal beam  247    246.00
Tracing azimuthal beam  248    247.00
Tracing azimuthal beam  249    248.00
Tracing azimuthal beam  250    249.00
Tracing azimuthal beam  251    250.00
Tracing azimuthal beam  252    251.00
Tracing azimuthal beam  253    252.00
Tracing azimuthal beam  254    253.00
Tracing azimuthal beam  255    254.00
Tracing azimuthal beam  256    255.00
Tracing azimuthal beam  257    256.00
Tracing azimuthal beam  258    257.00
Tracing azimuthal beam  259    258.00
Tracing azimuthal beam  260    259.00
Tracing azimuthal beam  261    260.00
Tracing azimuthal beam  262    261.00
Tracing azimuthal beam  263    262.00
Tracing azimuthal beam  264    263.00
Tracing azimuthal beam  265    264.00
Tracing azimuthal beam  266    265.00
Tracing azimuthal beam  267    266.00
Tracing azimuthal beam  268    267.00
Tracing azimuthal beam  269    268.00
Tracing azimuthal beam  270    269.00
Tracing azimuthal beam  271    270.00
Tracing azimuthal beam  272    271.00
Tracing azimuthal beam  273    272.00
Tracing azimuthal beam  274    273.00
Tracing azimuthal beam  275    274.00
Tracing azimuthal beam  276    275.00
Tracing azimuthal beam  277    276.00
Tracing azimuthal beam  278    277.00
Tracing azimuthal beam  279    278.00
Tracing azimuthal beam  280    279.00
Tracing azimuthal beam  281    280.00
Tracing azimuthal beam  282    281.00
Tracing azimuthal beam  283    282.00
Tracing azimuthal beam  284    283.00
Tracing azimuthal beam  285    284.00
Tracing azimuthal beam  286    285.00
Tracing azimuthal beam  287    286.00
Tracing azimuthal beam  288    287.00
Tracing azimuthal beam  289    288.00
Tracing azimuthal beam  290    289.00
Tracing azimuthal beam  291    290.00
Tracing azimuthal beam  292    291.00
Tracing azimuthal beam  293    292.00
Tracing azimuthal beam  294    293.00
Tracing azimuthal beam  295    294.00
Tracing azimuthal beam  296    295.00
Tracing azimuthal beam  297    296.00
Tracing azimuthal beam  298    297.00
Tracing azimuthal beam  299    298.00
Tracing azimuthal beam  300    299.00
Tracing azimuthal beam  301    300.00
Tracing azimuthal beam  302    301.00
Tracing azimuthal beam  303    302.00
Tracing azimuthal beam  304    303.00
Tracing azimuthal beam  305    304.00
Tracing azimuthal beam  306    305.00
Tracing azimuthal beam  307    306.00
Tracing azimuthal beam  308    307.00
Tracing azimuthal beam  309    308.00
Tracing azimuthal beam  310    309.00
Tracing azimuthal beam  311    310.00
Tracing azimuthal beam  312    311.00
Tracing azimuthal beam  313    312.00
Tracing azimuthal beam  314    313.00
Tracing azimuthal beam  315    314.00
Tracing azimuthal beam  316    315.00
Tracing azimuthal beam  317    316.00
Tracing azimuthal beam  318    317.00
Tracing azimuthal beam  319    318.00
Tracing azimuthal beam  320    319.00
Tracing azimuthal beam  321    320.00
Tracing azimuthal beam  322    321.00
Tracing azimuthal beam  323    322.00
Tracing azimuthal beam  324    323.00
Tracing azimuthal beam  325    324.00
Tracing azimuthal beam  326    325.00
Tracing azimuthal beam  327    326.00
Tracing azimuthal beam  328    327.00
Tracing azimuthal beam  329    328.00
Tracing azimuthal beam  330    329.00
Tracing azimuthal beam  331    330.00
Tracing azimuthal beam  332    331.00
Tracing azimuthal beam  333    332.00
Tracing azimuthal beam  334    333.00
Tracing azimuthal beam  335    334.00
Tracing azimuthal beam  336    335.00
Tracing azimuthal beam  337    336.00
Tracing azimuthal beam  338    337.00
Tracing azimuthal beam  339    338.00
Tracing azimuthal beam  340    339.00
Tracing azimuthal beam  341    340.00
Tracing azimuthal beam  342    341.00
Tracing azimuthal beam  343    342.00
Tracing azimuthal beam  344    343.00
Tracing azimuthal beam  345    344.00
Tracing azimuthal beam  346    345.00
Tracing azimuthal beam  347    346.00
Tracing azimuthal beam  348    347.00
Tracing azimuthal beam  349    348.00
Tracing azimuthal beam  350    349.00
Tracing azimuthal beam  351    350.00
Tracing azimuthal beam  352    351.00
Tracing azimuthal beam  353    352.00
Tracing azimuthal beam  354    353.00
Tracing azimuthal beam  355    354.00
Tracing azimuthal beam  356    355.00
Tracing azimuthal beam  357    356.00
Tracing azimuthal beam  358    357.00
Tracing azimuthal beam  359    358.00
Tracing azimuthal beam  360    359.00

 CPU Time =        190.    s
