 BELLHOP/BELLHOP3D

 BELLHOP- Example profile                                                        
 frequency =   50.00     Hz

 Dummy parameter NMedia =            1

     Spline approximation to SSP
     Attenuation units: dB/mkHz
     VACUUM

 Depth =      50.00 m

 Sound speed profile:
   z (m)     alphaR (m/s)   betaR  rho (g/cm^3)  alphaI     betaI

      0.00      1535.52      0.00     1.00       0.0000    0.0000
     10.00      1530.29      0.00     1.00       0.0000    0.0000
     20.00      1526.69      0.00     1.00       0.0000    0.0000
     30.00      1517.78      0.00     1.00       0.0000    0.0000
     40.00      1520.49      0.00     1.00       0.0000    0.0000
     50.00      1525.30      0.00     1.00       0.0000    0.0000

                                 ( RMS roughness =   0.00     )
     ACOUSTO-ELASTIC half-space
     50.00      1619.00      0.50     1.10       0.0000    0.0000

 __________________________________________________________________________

 Number of Source   depths, Sz =            1
 Source   depths, Sz (m)
   10.0000    


 __________________________________________________________________________

 Number of Receiver depths, Rz =          100
 Receiver depths, Rz (m)
   0.00000      0.404040      0.808081       1.21212       1.61616    
   2.02020       2.42424       2.82828       3.23232       3.63636    
          ... 
   40.0000    


 __________________________________________________________________________

 Number of Receiver ranges, Rr =         1000
 Receiver ranges, Rr (km)
   0.00000      0.100100E-02  0.200200E-02  0.300300E-02  0.400400E-02
  0.500500E-02  0.600601E-02  0.700701E-02  0.800801E-02  0.900901E-02
          ... 
   1.00000    


 Coherent TL calculation
 Geometric hat beams in Cartesian coordinates
 Point source (cylindrical coordinates)
 Rectilinear receiver grid: Receivers at Rr( : ) x Rz( : )
 __________________________________________________________________________

 Number of beams in elevation   =          628
 Beam take-off angles (degrees)
  -30.0000      -29.9043      -29.8086      -29.7129      -29.6172    
  -29.5215      -29.4258      -29.3301      -29.2344      -29.1388    
          ... 
   30.0000    

 __________________________________________________________________________


 Step length,       deltas =   0.000     m

 Maximum ray depth, Box%z  =   60.00     m
 Maximum ray range, Box%r  =   1.100    km
 No beam shift in effect


 Step length,       deltas =   5.000     m (automatically selected)

Tracing beam       1    -30.00

 Geometric hat beams                     
 halfwidth  =    5833.0108743598448     
 epsilonOpt =  (  0.0000000000000000     ,  5344479913.6328058     )
 EpsMult    =    1.0000000000000000     

Tracing beam      13    -28.85
Tracing beam      25    -27.70
Tracing beam      37    -26.56
Tracing beam      49    -25.41
Tracing beam      61    -24.26
Tracing beam      73    -23.11
Tracing beam      85    -21.96
Tracing beam      97    -20.81
Tracing beam     109    -19.67
Tracing beam     121    -18.52
Tracing beam     133    -17.37
Tracing beam     145    -16.22
Tracing beam     157    -15.07
Tracing beam     169    -13.92
Tracing beam     181    -12.78
Tracing beam     193    -11.63
Tracing beam     205    -10.48
Tracing beam     217     -9.33
Tracing beam     229     -8.18
Tracing beam     241     -7.03
Tracing beam     253     -5.89
Tracing beam     265     -4.74
Tracing beam     277     -3.59
Tracing beam     289     -2.44
Tracing beam     301     -1.29
Tracing beam     313     -0.14
Tracing beam     325      1.00
Tracing beam     337      2.15
Tracing beam     349      3.30
Tracing beam     361      4.45
Tracing beam     373      5.60
Tracing beam     385      6.75
Tracing beam     397      7.89
Tracing beam     409      9.04
Tracing beam     421     10.19
Tracing beam     433     11.34
Tracing beam     445     12.49
Tracing beam     457     13.64
Tracing beam     469     14.78
Tracing beam     481     15.93
Tracing beam     493     17.08
Tracing beam     505     18.23
Tracing beam     517     19.38
Tracing beam     529     20.53
Tracing beam     541     21.67
Tracing beam     553     22.82
Tracing beam     565     23.97
Tracing beam     577     25.12
Tracing beam     589     26.27
Tracing beam     601     27.42
Tracing beam     613     28.56
Tracing beam     625     29.71

 CPU Time =       0.328    s
