 BELLHOP/BELLHOP3D

 BELLHOP- Example profile                                                        
 frequency =   50.00     Hz

 Dummy parameter NMedia =            1

     Spline approximation to SSP
     Attenuation units: dB/mkHz
     VACUUM

 Depth =      50.00 m

 Sound speed profile:
   z (m)     alphaR (m/s)   betaR  rho (g/cm^3)  alphaI     betaI

      0.00      1535.52      0.00     1.00       0.0000    0.0000
     10.00      1530.29      0.00     1.00       0.0000    0.0000
     20.00      1526.69      0.00     1.00       0.0000    0.0000
     30.00      1517.78      0.00     1.00       0.0000    0.0000
     40.00      1520.49      0.00     1.00       0.0000    0.0000
     50.00      1525.30      0.00     1.00       0.0000    0.0000

                                 ( RMS roughness =   0.00     )
     ACOUSTO-ELASTIC half-space
     50.00      1605.88      0.50     1.42       0.0000    0.0000

 __________________________________________________________________________

 Number of Source   depths, Sz =            1
 Source   depths, Sz (m)
   47.0000    


 __________________________________________________________________________

 Number of Receiver depths, Rz =          100
 Receiver depths, Rz (m)
   0.00000      0.505050       1.01010       1.51515       2.02020    
   2.52525       3.03030       3.53535       4.04040       4.54545    
          ... 
   50.0000    


 __________________________________________________________________________

 Number of Receiver ranges, Rr =         2000
 Receiver ranges, Rr (km)
   0.00000      0.100050E-02  0.200100E-02  0.300150E-02  0.400200E-02
  0.500250E-02  0.600300E-02  0.700350E-02  0.800400E-02  0.900450E-02
          ... 
   2.00000    


 Coherent TL calculation
 Geometric hat beams in Cartesian coordinates
 Point source (cylindrical coordinates)
 Rectilinear receiver grid: Receivers at Rr( : ) x Rz( : )
 __________________________________________________________________________

 Number of beams in elevation   =         1256
 Beam take-off angles (degrees)
  -30.0000      -29.9522      -29.9044      -29.8566      -29.8088    
  -29.7610      -29.7131      -29.6653      -29.6175      -29.5697    
          ... 
   30.0000    

 __________________________________________________________________________


 Step length,       deltas =   0.000     m

 Maximum ray depth, Box%z  =   60.00     m
 Maximum ray range, Box%r  =   2.100    km
 No beam shift in effect


 Step length,       deltas =   5.000     m (automatically selected)

Tracing beam       1    -30.00

 Geometric hat beams                     
 halfwidth  =    11632.807947124697     
 epsilonOpt =  (  0.0000000000000000     ,  21256364726.377579     )
 EpsMult    =    1.0000000000000000     

Tracing beam      26    -28.80
Tracing beam      51    -27.61
Tracing beam      76    -26.41
Tracing beam     101    -25.22
Tracing beam     126    -24.02
Tracing beam     151    -22.83
Tracing beam     176    -21.63
Tracing beam     201    -20.44
Tracing beam     226    -19.24
Tracing beam     251    -18.05
Tracing beam     276    -16.85
Tracing beam     301    -15.66
Tracing beam     326    -14.46
Tracing beam     351    -13.27
Tracing beam     376    -12.07
Tracing beam     401    -10.88
Tracing beam     426     -9.68
Tracing beam     451     -8.49
Tracing beam     476     -7.29
Tracing beam     501     -6.10
Tracing beam     526     -4.90
Tracing beam     551     -3.71
Tracing beam     576     -2.51
Tracing beam     601     -1.31
Tracing beam     626     -0.12
Tracing beam     651      1.08
Tracing beam     676      2.27
Tracing beam     701      3.47
Tracing beam     726      4.66
Tracing beam     751      5.86
Tracing beam     776      7.05
Tracing beam     801      8.25
Tracing beam     826      9.44
Tracing beam     851     10.64
Tracing beam     876     11.83
Tracing beam     901     13.03
Tracing beam     926     14.22
Tracing beam     951     15.42
Tracing beam     976     16.61
Tracing beam    1001     17.81
Tracing beam    1026     19.00
Tracing beam    1051     20.20
Tracing beam    1076     21.39
Tracing beam    1101     22.59
Tracing beam    1126     23.78
Tracing beam    1151     24.98
Tracing beam    1176     26.18
Tracing beam    1201     27.37
Tracing beam    1226     28.57
Tracing beam    1251     29.76

 CPU Time =        1.03    s
